{"/home/creator/Desktop/reddit-backend/knexfile.js": {"path":"/home/creator/Desktop/reddit-backend/knexfile.js","statementMap":{"0":{"start":{"line":2,"column":20},"end":{"line":2,"column":39}},"1":{"start":{"line":3,"column":0},"end":{"line":52,"column":2}},"2":{"start":{"line":11,"column":4},"end":{"line":11,"column":47}},"3":{"start":{"line":37,"column":4},"end":{"line":37,"column":47}}},"fnMap":{"0":{"name":"(anonymous_0)","decl":{"start":{"line":10,"column":16},"end":{"line":10,"column":17}},"loc":{"start":{"line":10,"column":32},"end":{"line":12,"column":4}},"line":10},"1":{"name":"(anonymous_1)","decl":{"start":{"line":36,"column":16},"end":{"line":36,"column":17}},"loc":{"start":{"line":36,"column":32},"end":{"line":38,"column":4}},"line":36}},"branchMap":{},"s":{"0":5,"1":5,"2":0,"3":4},"f":{"0":0,"1":4},"b":{},"_coverageSchema":"43e27e138ebf9cfc5966b082cf9a028302ed4184","hash":"5b9b0730f9717087a8e700005f17ac81c03087a9"}
,"/home/creator/Desktop/reddit-backend/api/server.js": {"path":"/home/creator/Desktop/reddit-backend/api/server.js","statementMap":{"0":{"start":{"line":1,"column":16},"end":{"line":1,"column":34}},"1":{"start":{"line":2,"column":13},"end":{"line":2,"column":28}},"2":{"start":{"line":3,"column":15},"end":{"line":3,"column":32}},"3":{"start":{"line":5,"column":19},"end":{"line":5,"column":62}},"4":{"start":{"line":7,"column":19},"end":{"line":7,"column":57}},"5":{"start":{"line":8,"column":21},"end":{"line":8,"column":63}},"6":{"start":{"line":9,"column":20},"end":{"line":9,"column":60}},"7":{"start":{"line":11,"column":15},"end":{"line":11,"column":24}},"8":{"start":{"line":12,"column":19},"end":{"line":12,"column":39}},"9":{"start":{"line":14,"column":0},"end":{"line":14,"column":21}},"10":{"start":{"line":15,"column":0},"end":{"line":19,"column":2}},"11":{"start":{"line":20,"column":0},"end":{"line":20,"column":27}},"12":{"start":{"line":21,"column":0},"end":{"line":21,"column":19}},"13":{"start":{"line":23,"column":0},"end":{"line":25,"column":3}},"14":{"start":{"line":24,"column":1},"end":{"line":24,"column":56}},"15":{"start":{"line":27,"column":0},"end":{"line":27,"column":36}},"16":{"start":{"line":28,"column":0},"end":{"line":28,"column":40}},"17":{"start":{"line":29,"column":0},"end":{"line":29,"column":38}},"18":{"start":{"line":31,"column":0},"end":{"line":31,"column":24}}},"fnMap":{"0":{"name":"(anonymous_0)","decl":{"start":{"line":23,"column":16},"end":{"line":23,"column":17}},"loc":{"start":{"line":23,"column":30},"end":{"line":25,"column":1}},"line":23}},"branchMap":{},"s":{"0":1,"1":1,"2":1,"3":1,"4":1,"5":1,"6":1,"7":1,"8":1,"9":1,"10":1,"11":1,"12":1,"13":1,"14":1,"15":1,"16":1,"17":1,"18":1},"f":{"0":1},"b":{},"_coverageSchema":"43e27e138ebf9cfc5966b082cf9a028302ed4184","hash":"b4b1a69990627588195ca6eec864d25d2aea87e5"}
,"/home/creator/Desktop/reddit-backend/config/index.js": {"path":"/home/creator/Desktop/reddit-backend/config/index.js","statementMap":{"0":{"start":{"line":1,"column":0},"end":{"line":1,"column":27}},"1":{"start":{"line":2,"column":12},"end":{"line":2,"column":49}},"2":{"start":{"line":3,"column":16},"end":{"line":3,"column":36}},"3":{"start":{"line":4,"column":21},"end":{"line":4,"column":41}},"4":{"start":{"line":5,"column":13},"end":{"line":5,"column":37}},"5":{"start":{"line":7,"column":0},"end":{"line":25,"column":1}}},"fnMap":{},"branchMap":{"0":{"loc":{"start":{"line":2,"column":12},"end":{"line":2,"column":49}},"type":"binary-expr","locations":[{"start":{"line":2,"column":12},"end":{"line":2,"column":32}},{"start":{"line":2,"column":36},"end":{"line":2,"column":49}}],"line":2},"1":{"loc":{"start":{"line":5,"column":13},"end":{"line":5,"column":37}},"type":"binary-expr","locations":[{"start":{"line":5,"column":13},"end":{"line":5,"column":29}},{"start":{"line":5,"column":33},"end":{"line":5,"column":37}}],"line":5},"2":{"loc":{"start":{"line":23,"column":22},"end":{"line":23,"column":104}},"type":"cond-expr","locations":[{"start":{"line":23,"column":37},"end":{"line":23,"column":68}},{"start":{"line":23,"column":71},"end":{"line":23,"column":104}}],"line":23}},"s":{"0":5,"1":5,"2":5,"3":5,"4":5,"5":5},"f":{},"b":{"0":[5,0],"1":[5,0],"2":[0,5]},"_coverageSchema":"43e27e138ebf9cfc5966b082cf9a028302ed4184","hash":"7509381bb36fa9ed1006f65243fd22651b4361c2"}
,"/home/creator/Desktop/reddit-backend/database/db-config.js": {"path":"/home/creator/Desktop/reddit-backend/database/db-config.js","statementMap":{"0":{"start":{"line":1,"column":13},"end":{"line":1,"column":28}},"1":{"start":{"line":2,"column":15},"end":{"line":2,"column":37}},"2":{"start":{"line":3,"column":12},"end":{"line":3,"column":36}},"3":{"start":{"line":5,"column":0},"end":{"line":5,"column":35}}},"fnMap":{},"branchMap":{},"s":{"0":5,"1":5,"2":5,"3":5},"f":{},"b":{},"_coverageSchema":"43e27e138ebf9cfc5966b082cf9a028302ed4184","hash":"6ec939490bd9e3487737cad23655d16b1c0dac67"}
,"/home/creator/Desktop/reddit-backend/services/auth/authController.js": {"path":"/home/creator/Desktop/reddit-backend/services/auth/authController.js","statementMap":{"0":{"start":{"line":1,"column":12},"end":{"line":1,"column":35}},"1":{"start":{"line":2,"column":15},"end":{"line":2,"column":38}},"2":{"start":{"line":4,"column":20},"end":{"line":13,"column":1}},"3":{"start":{"line":5,"column":17},"end":{"line":8,"column":2}},"4":{"start":{"line":9,"column":17},"end":{"line":11,"column":2}},"5":{"start":{"line":12,"column":1},"end":{"line":12,"column":53}},"6":{"start":{"line":15,"column":0},"end":{"line":17,"column":2}}},"fnMap":{"0":{"name":"(anonymous_0)","decl":{"start":{"line":4,"column":20},"end":{"line":4,"column":21}},"loc":{"start":{"line":4,"column":28},"end":{"line":13,"column":1}},"line":4}},"branchMap":{},"s":{"0":1,"1":1,"2":1,"3":0,"4":0,"5":0,"6":1},"f":{"0":0},"b":{},"_coverageSchema":"43e27e138ebf9cfc5966b082cf9a028302ed4184","hash":"1da9d403797d1ca9d6ca27b0938bac5784623256"}
,"/home/creator/Desktop/reddit-backend/services/auth/authMiddleware.js": {"path":"/home/creator/Desktop/reddit-backend/services/auth/authMiddleware.js","statementMap":{"0":{"start":{"line":1,"column":26},"end":{"line":9,"column":1}},"1":{"start":{"line":2,"column":33},"end":{"line":2,"column":41}},"2":{"start":{"line":3,"column":2},"end":{"line":8,"column":3}},"3":{"start":{"line":4,"column":4},"end":{"line":4,"column":63}},"4":{"start":{"line":6,"column":4},"end":{"line":6,"column":38}},"5":{"start":{"line":7,"column":4},"end":{"line":7,"column":11}},"6":{"start":{"line":11,"column":0},"end":{"line":13,"column":1}}},"fnMap":{"0":{"name":"(anonymous_0)","decl":{"start":{"line":1,"column":26},"end":{"line":1,"column":27}},"loc":{"start":{"line":1,"column":46},"end":{"line":9,"column":1}},"line":1}},"branchMap":{"0":{"loc":{"start":{"line":3,"column":2},"end":{"line":8,"column":3}},"type":"if","locations":[{"start":{"line":3,"column":2},"end":{"line":8,"column":3}},{"start":{"line":3,"column":2},"end":{"line":8,"column":3}}],"line":3},"1":{"loc":{"start":{"line":3,"column":6},"end":{"line":3,"column":28}},"type":"binary-expr","locations":[{"start":{"line":3,"column":6},"end":{"line":3,"column":15}},{"start":{"line":3,"column":19},"end":{"line":3,"column":28}}],"line":3}},"s":{"0":1,"1":0,"2":0,"3":0,"4":0,"5":0,"6":1},"f":{"0":0},"b":{"0":[0,0],"1":[0,0]},"_coverageSchema":"43e27e138ebf9cfc5966b082cf9a028302ed4184","hash":"367207c2a854f165e56f5ba2847f98548092ed7a"}
,"/home/creator/Desktop/reddit-backend/services/auth/authModel.js": {"path":"/home/creator/Desktop/reddit-backend/services/auth/authModel.js","statementMap":{"0":{"start":{"line":1,"column":11},"end":{"line":1,"column":46}},"1":{"start":{"line":2,"column":14},"end":{"line":2,"column":21}},"2":{"start":{"line":4,"column":18},"end":{"line":10,"column":1}},"3":{"start":{"line":5,"column":2},"end":{"line":9,"column":3}},"4":{"start":{"line":6,"column":4},"end":{"line":6,"column":46}},"5":{"start":{"line":8,"column":4},"end":{"line":8,"column":60}},"6":{"start":{"line":12,"column":17},"end":{"line":14,"column":1}},"7":{"start":{"line":13,"column":2},"end":{"line":13,"column":41}},"8":{"start":{"line":16,"column":16},"end":{"line":18,"column":1}},"9":{"start":{"line":17,"column":2},"end":{"line":17,"column":81}},"10":{"start":{"line":17,"column":55},"end":{"line":17,"column":79}},"11":{"start":{"line":20,"column":19},"end":{"line":22,"column":1}},"12":{"start":{"line":21,"column":2},"end":{"line":21,"column":78}},"13":{"start":{"line":21,"column":60},"end":{"line":21,"column":76}},"14":{"start":{"line":24,"column":19},"end":{"line":26,"column":1}},"15":{"start":{"line":25,"column":2},"end":{"line":25,"column":39}},"16":{"start":{"line":28,"column":0},"end":{"line":34,"column":2}}},"fnMap":{"0":{"name":"(anonymous_0)","decl":{"start":{"line":4,"column":18},"end":{"line":4,"column":19}},"loc":{"start":{"line":4,"column":30},"end":{"line":10,"column":1}},"line":4},"1":{"name":"(anonymous_1)","decl":{"start":{"line":12,"column":17},"end":{"line":12,"column":18}},"loc":{"start":{"line":12,"column":29},"end":{"line":14,"column":1}},"line":12},"2":{"name":"(anonymous_2)","decl":{"start":{"line":16,"column":16},"end":{"line":16,"column":17}},"loc":{"start":{"line":16,"column":29},"end":{"line":18,"column":1}},"line":16},"3":{"name":"(anonymous_3)","decl":{"start":{"line":17,"column":46},"end":{"line":17,"column":47}},"loc":{"start":{"line":17,"column":55},"end":{"line":17,"column":79}},"line":17},"4":{"name":"(anonymous_4)","decl":{"start":{"line":20,"column":19},"end":{"line":20,"column":20}},"loc":{"start":{"line":20,"column":36},"end":{"line":22,"column":1}},"line":20},"5":{"name":"(anonymous_5)","decl":{"start":{"line":21,"column":54},"end":{"line":21,"column":55}},"loc":{"start":{"line":21,"column":60},"end":{"line":21,"column":76}},"line":21},"6":{"name":"(anonymous_6)","decl":{"start":{"line":24,"column":19},"end":{"line":24,"column":20}},"loc":{"start":{"line":24,"column":27},"end":{"line":26,"column":1}},"line":24}},"branchMap":{"0":{"loc":{"start":{"line":5,"column":2},"end":{"line":9,"column":3}},"type":"if","locations":[{"start":{"line":5,"column":2},"end":{"line":9,"column":3}},{"start":{"line":5,"column":2},"end":{"line":9,"column":3}}],"line":5}},"s":{"0":4,"1":4,"2":4,"3":1,"4":1,"5":0,"6":4,"7":13,"8":4,"9":11,"10":11,"11":4,"12":1,"13":1,"14":4,"15":1,"16":4},"f":{"0":1,"1":13,"2":11,"3":11,"4":1,"5":1,"6":1},"b":{"0":[1,0]},"_coverageSchema":"43e27e138ebf9cfc5966b082cf9a028302ed4184","hash":"f8ae417a3c52efaceda25e731be34788e0b7c0f0"}
,"/home/creator/Desktop/reddit-backend/services/auth/authRouter.js": {"path":"/home/creator/Desktop/reddit-backend/services/auth/authRouter.js","statementMap":{"0":{"start":{"line":1,"column":15},"end":{"line":1,"column":34}},"1":{"start":{"line":2,"column":19},"end":{"line":2,"column":46}},"2":{"start":{"line":4,"column":25},"end":{"line":4,"column":59}},"3":{"start":{"line":5,"column":24},"end":{"line":5,"column":51}},"4":{"start":{"line":6,"column":30},"end":{"line":6,"column":67}},"5":{"start":{"line":7,"column":30},"end":{"line":7,"column":57}},"6":{"start":{"line":8,"column":30},"end":{"line":8,"column":52}},"7":{"start":{"line":10,"column":0},"end":{"line":35,"column":3}},"8":{"start":{"line":11,"column":33},"end":{"line":11,"column":41}},"9":{"start":{"line":12,"column":2},"end":{"line":34,"column":17}},"10":{"start":{"line":13,"column":4},"end":{"line":33,"column":5}},"11":{"start":{"line":14,"column":6},"end":{"line":14,"column":66}},"12":{"start":{"line":16,"column":30},"end":{"line":16,"column":73}},"13":{"start":{"line":17,"column":6},"end":{"line":32,"column":7}},"14":{"start":{"line":18,"column":8},"end":{"line":18,"column":62}},"15":{"start":{"line":20,"column":22},"end":{"line":20,"column":39}},"16":{"start":{"line":21,"column":25},"end":{"line":21,"column":52}},"17":{"start":{"line":22,"column":27},"end":{"line":22,"column":64}},"18":{"start":{"line":23,"column":32},"end":{"line":23,"column":64}},"19":{"start":{"line":24,"column":35},"end":{"line":24,"column":60}},"20":{"start":{"line":25,"column":8},"end":{"line":31,"column":11}},"21":{"start":{"line":37,"column":0},"end":{"line":47,"column":3}},"22":{"start":{"line":38,"column":33},"end":{"line":38,"column":41}},"23":{"start":{"line":39,"column":15},"end":{"line":39,"column":44}},"24":{"start":{"line":40,"column":2},"end":{"line":46,"column":17}},"25":{"start":{"line":41,"column":4},"end":{"line":45,"column":5}},"26":{"start":{"line":42,"column":6},"end":{"line":42,"column":51}},"27":{"start":{"line":44,"column":6},"end":{"line":44,"column":33}},"28":{"start":{"line":49,"column":0},"end":{"line":49,"column":39}},"29":{"start":{"line":51,"column":0},"end":{"line":51,"column":28}}},"fnMap":{"0":{"name":"(anonymous_0)","decl":{"start":{"line":10,"column":45},"end":{"line":10,"column":46}},"loc":{"start":{"line":10,"column":65},"end":{"line":35,"column":1}},"line":10},"1":{"name":"(anonymous_1)","decl":{"start":{"line":12,"column":30},"end":{"line":12,"column":31}},"loc":{"start":{"line":12,"column":38},"end":{"line":34,"column":3}},"line":12},"2":{"name":"(anonymous_2)","decl":{"start":{"line":37,"column":48},"end":{"line":37,"column":49}},"loc":{"start":{"line":37,"column":68},"end":{"line":47,"column":1}},"line":37},"3":{"name":"(anonymous_3)","decl":{"start":{"line":40,"column":55},"end":{"line":40,"column":56}},"loc":{"start":{"line":40,"column":63},"end":{"line":46,"column":3}},"line":40}},"branchMap":{"0":{"loc":{"start":{"line":13,"column":4},"end":{"line":33,"column":5}},"type":"if","locations":[{"start":{"line":13,"column":4},"end":{"line":33,"column":5}},{"start":{"line":13,"column":4},"end":{"line":33,"column":5}}],"line":13},"1":{"loc":{"start":{"line":13,"column":8},"end":{"line":13,"column":31}},"type":"binary-expr","locations":[{"start":{"line":13,"column":8},"end":{"line":13,"column":13}},{"start":{"line":13,"column":17},"end":{"line":13,"column":31}}],"line":13},"2":{"loc":{"start":{"line":17,"column":6},"end":{"line":32,"column":7}},"type":"if","locations":[{"start":{"line":17,"column":6},"end":{"line":32,"column":7}},{"start":{"line":17,"column":6},"end":{"line":32,"column":7}}],"line":17},"3":{"loc":{"start":{"line":22,"column":27},"end":{"line":22,"column":64}},"type":"cond-expr","locations":[{"start":{"line":22,"column":45},"end":{"line":22,"column":60}},{"start":{"line":22,"column":63},"end":{"line":22,"column":64}}],"line":22},"4":{"loc":{"start":{"line":23,"column":32},"end":{"line":23,"column":64}},"type":"cond-expr","locations":[{"start":{"line":23,"column":52},"end":{"line":23,"column":56}},{"start":{"line":23,"column":59},"end":{"line":23,"column":64}}],"line":23},"5":{"loc":{"start":{"line":41,"column":4},"end":{"line":45,"column":5}},"type":"if","locations":[{"start":{"line":41,"column":4},"end":{"line":45,"column":5}},{"start":{"line":41,"column":4},"end":{"line":45,"column":5}}],"line":41}},"s":{"0":1,"1":1,"2":1,"3":1,"4":1,"5":1,"6":1,"7":1,"8":0,"9":0,"10":0,"11":0,"12":0,"13":0,"14":0,"15":0,"16":0,"17":0,"18":0,"19":0,"20":0,"21":1,"22":0,"23":0,"24":0,"25":0,"26":0,"27":0,"28":1,"29":1},"f":{"0":0,"1":0,"2":0,"3":0},"b":{"0":[0,0],"1":[0,0],"2":[0,0],"3":[0,0],"4":[0,0],"5":[0,0]},"_coverageSchema":"43e27e138ebf9cfc5966b082cf9a028302ed4184","hash":"a6a5046d972f8983b7a225bdd9ffe99497eeb68b"}
,"/home/creator/Desktop/reddit-backend/services/global/globalHelpers.js": {"path":"/home/creator/Desktop/reddit-backend/services/global/globalHelpers.js","statementMap":{"0":{"start":{"line":1,"column":15},"end":{"line":1,"column":38}},"1":{"start":{"line":2,"column":21},"end":{"line":2,"column":49}},"2":{"start":{"line":3,"column":12},"end":{"line":3,"column":35}},"3":{"start":{"line":5,"column":15},"end":{"line":8,"column":1}},"4":{"start":{"line":6,"column":2},"end":{"line":6,"column":75}},"5":{"start":{"line":7,"column":2},"end":{"line":7,"column":9}},"6":{"start":{"line":10,"column":21},"end":{"line":24,"column":1}},"7":{"start":{"line":11,"column":16},"end":{"line":11,"column":41}},"8":{"start":{"line":12,"column":2},"end":{"line":23,"column":3}},"9":{"start":{"line":13,"column":4},"end":{"line":20,"column":7}},"10":{"start":{"line":14,"column":6},"end":{"line":19,"column":7}},"11":{"start":{"line":15,"column":8},"end":{"line":15,"column":31}},"12":{"start":{"line":17,"column":8},"end":{"line":17,"column":39}},"13":{"start":{"line":18,"column":8},"end":{"line":18,"column":15}},"14":{"start":{"line":22,"column":4},"end":{"line":22,"column":81}},"15":{"start":{"line":26,"column":22},"end":{"line":46,"column":1}},"16":{"start":{"line":27,"column":27},"end":{"line":27,"column":35}},"17":{"start":{"line":28,"column":2},"end":{"line":31,"column":3}},"18":{"start":{"line":29,"column":4},"end":{"line":29,"column":29}},"19":{"start":{"line":30,"column":4},"end":{"line":30,"column":11}},"20":{"start":{"line":32,"column":2},"end":{"line":45,"column":3}},"21":{"start":{"line":33,"column":4},"end":{"line":33,"column":70}},"22":{"start":{"line":34,"column":4},"end":{"line":34,"column":11}},"23":{"start":{"line":36,"column":4},"end":{"line":44,"column":7}},"24":{"start":{"line":37,"column":6},"end":{"line":43,"column":7}},"25":{"start":{"line":38,"column":8},"end":{"line":38,"column":31}},"26":{"start":{"line":39,"column":8},"end":{"line":39,"column":15}},"27":{"start":{"line":41,"column":8},"end":{"line":41,"column":45}},"28":{"start":{"line":42,"column":8},"end":{"line":42,"column":15}},"29":{"start":{"line":48,"column":28},"end":{"line":63,"column":1}},"30":{"start":{"line":49,"column":15},"end":{"line":49,"column":63}},"31":{"start":{"line":50,"column":2},"end":{"line":53,"column":3}},"32":{"start":{"line":51,"column":4},"end":{"line":51,"column":77}},"33":{"start":{"line":52,"column":4},"end":{"line":52,"column":11}},"34":{"start":{"line":54,"column":19},"end":{"line":54,"column":46}},"35":{"start":{"line":55,"column":21},"end":{"line":55,"column":58}},"36":{"start":{"line":56,"column":29},"end":{"line":56,"column":54}},"37":{"start":{"line":57,"column":2},"end":{"line":60,"column":3}},"38":{"start":{"line":58,"column":4},"end":{"line":58,"column":77}},"39":{"start":{"line":59,"column":4},"end":{"line":59,"column":11}},"40":{"start":{"line":61,"column":2},"end":{"line":61,"column":24}},"41":{"start":{"line":62,"column":2},"end":{"line":62,"column":9}},"42":{"start":{"line":65,"column":21},"end":{"line":76,"column":1}},"43":{"start":{"line":66,"column":2},"end":{"line":75,"column":5}},"44":{"start":{"line":67,"column":4},"end":{"line":74,"column":13}},"45":{"start":{"line":78,"column":28},"end":{"line":80,"column":1}},"46":{"start":{"line":79,"column":2},"end":{"line":79,"column":131}},"47":{"start":{"line":79,"column":71},"end":{"line":79,"column":115}},"48":{"start":{"line":82,"column":17},"end":{"line":82,"column":63}},"49":{"start":{"line":82,"column":27},"end":{"line":82,"column":63}},"50":{"start":{"line":83,"column":15},"end":{"line":83,"column":70}},"51":{"start":{"line":83,"column":25},"end":{"line":83,"column":70}},"52":{"start":{"line":85,"column":30},"end":{"line":91,"column":1}},"53":{"start":{"line":86,"column":2},"end":{"line":90,"column":4}},"54":{"start":{"line":93,"column":0},"end":{"line":103,"column":2}}},"fnMap":{"0":{"name":"(anonymous_0)","decl":{"start":{"line":5,"column":15},"end":{"line":5,"column":16}},"loc":{"start":{"line":5,"column":35},"end":{"line":8,"column":1}},"line":5},"1":{"name":"(anonymous_1)","decl":{"start":{"line":10,"column":21},"end":{"line":10,"column":22}},"loc":{"start":{"line":10,"column":41},"end":{"line":24,"column":1}},"line":10},"2":{"name":"(anonymous_2)","decl":{"start":{"line":13,"column":40},"end":{"line":13,"column":41}},"loc":{"start":{"line":13,"column":62},"end":{"line":20,"column":5}},"line":13},"3":{"name":"(anonymous_3)","decl":{"start":{"line":26,"column":22},"end":{"line":26,"column":23}},"loc":{"start":{"line":26,"column":42},"end":{"line":46,"column":1}},"line":26},"4":{"name":"(anonymous_4)","decl":{"start":{"line":36,"column":40},"end":{"line":36,"column":41}},"loc":{"start":{"line":36,"column":69},"end":{"line":44,"column":5}},"line":36},"5":{"name":"(anonymous_5)","decl":{"start":{"line":48,"column":28},"end":{"line":48,"column":29}},"loc":{"start":{"line":48,"column":54},"end":{"line":63,"column":1}},"line":48},"6":{"name":"(anonymous_6)","decl":{"start":{"line":65,"column":21},"end":{"line":65,"column":22}},"loc":{"start":{"line":65,"column":39},"end":{"line":76,"column":1}},"line":65},"7":{"name":"(anonymous_7)","decl":{"start":{"line":66,"column":13},"end":{"line":66,"column":14}},"loc":{"start":{"line":66,"column":40},"end":{"line":75,"column":3}},"line":66},"8":{"name":"(anonymous_8)","decl":{"start":{"line":78,"column":28},"end":{"line":78,"column":29}},"loc":{"start":{"line":78,"column":58},"end":{"line":80,"column":1}},"line":78},"9":{"name":"(anonymous_9)","decl":{"start":{"line":79,"column":61},"end":{"line":79,"column":62}},"loc":{"start":{"line":79,"column":71},"end":{"line":79,"column":115}},"line":79},"10":{"name":"(anonymous_10)","decl":{"start":{"line":82,"column":17},"end":{"line":82,"column":18}},"loc":{"start":{"line":82,"column":27},"end":{"line":82,"column":63}},"line":82},"11":{"name":"(anonymous_11)","decl":{"start":{"line":83,"column":15},"end":{"line":83,"column":16}},"loc":{"start":{"line":83,"column":25},"end":{"line":83,"column":70}},"line":83},"12":{"name":"(anonymous_12)","decl":{"start":{"line":85,"column":30},"end":{"line":85,"column":31}},"loc":{"start":{"line":85,"column":36},"end":{"line":91,"column":1}},"line":85}},"branchMap":{"0":{"loc":{"start":{"line":12,"column":2},"end":{"line":23,"column":3}},"type":"if","locations":[{"start":{"line":12,"column":2},"end":{"line":23,"column":3}},{"start":{"line":12,"column":2},"end":{"line":23,"column":3}}],"line":12},"1":{"loc":{"start":{"line":14,"column":6},"end":{"line":19,"column":7}},"type":"if","locations":[{"start":{"line":14,"column":6},"end":{"line":19,"column":7}},{"start":{"line":14,"column":6},"end":{"line":19,"column":7}}],"line":14},"2":{"loc":{"start":{"line":28,"column":2},"end":{"line":31,"column":3}},"type":"if","locations":[{"start":{"line":28,"column":2},"end":{"line":31,"column":3}},{"start":{"line":28,"column":2},"end":{"line":31,"column":3}}],"line":28},"3":{"loc":{"start":{"line":32,"column":2},"end":{"line":45,"column":3}},"type":"if","locations":[{"start":{"line":32,"column":2},"end":{"line":45,"column":3}},{"start":{"line":32,"column":2},"end":{"line":45,"column":3}}],"line":32},"4":{"loc":{"start":{"line":37,"column":6},"end":{"line":43,"column":7}},"type":"if","locations":[{"start":{"line":37,"column":6},"end":{"line":43,"column":7}},{"start":{"line":37,"column":6},"end":{"line":43,"column":7}}],"line":37},"5":{"loc":{"start":{"line":50,"column":2},"end":{"line":53,"column":3}},"type":"if","locations":[{"start":{"line":50,"column":2},"end":{"line":53,"column":3}},{"start":{"line":50,"column":2},"end":{"line":53,"column":3}}],"line":50},"6":{"loc":{"start":{"line":55,"column":21},"end":{"line":55,"column":58}},"type":"cond-expr","locations":[{"start":{"line":55,"column":39},"end":{"line":55,"column":54}},{"start":{"line":55,"column":57},"end":{"line":55,"column":58}}],"line":55},"7":{"loc":{"start":{"line":57,"column":2},"end":{"line":60,"column":3}},"type":"if","locations":[{"start":{"line":57,"column":2},"end":{"line":60,"column":3}},{"start":{"line":57,"column":2},"end":{"line":60,"column":3}}],"line":57},"8":{"loc":{"start":{"line":67,"column":15},"end":{"line":67,"column":34}},"type":"binary-expr","locations":[{"start":{"line":67,"column":15},"end":{"line":67,"column":27}},{"start":{"line":67,"column":31},"end":{"line":67,"column":34}}],"line":67},"9":{"loc":{"start":{"line":71,"column":14},"end":{"line":71,"column":33}},"type":"binary-expr","locations":[{"start":{"line":71,"column":14},"end":{"line":71,"column":26}},{"start":{"line":71,"column":30},"end":{"line":71,"column":33}}],"line":71},"10":{"loc":{"start":{"line":78,"column":34},"end":{"line":78,"column":53}},"type":"default-arg","locations":[{"start":{"line":78,"column":49},"end":{"line":78,"column":53}}],"line":78},"11":{"loc":{"start":{"line":79,"column":10},"end":{"line":79,"column":33}},"type":"cond-expr","locations":[{"start":{"line":79,"column":25},"end":{"line":79,"column":28}},{"start":{"line":79,"column":31},"end":{"line":79,"column":33}}],"line":79}},"s":{"0":1,"1":1,"2":1,"3":1,"4":2,"5":2,"6":1,"7":0,"8":0,"9":0,"10":0,"11":0,"12":0,"13":0,"14":0,"15":1,"16":0,"17":0,"18":0,"19":0,"20":0,"21":0,"22":0,"23":0,"24":0,"25":0,"26":0,"27":0,"28":0,"29":1,"30":0,"31":0,"32":0,"33":0,"34":0,"35":0,"36":0,"37":0,"38":0,"39":0,"40":0,"41":0,"42":1,"43":3,"44":0,"45":1,"46":0,"47":0,"48":1,"49":0,"50":1,"51":0,"52":1,"53":0,"54":1},"f":{"0":2,"1":0,"2":0,"3":0,"4":0,"5":0,"6":3,"7":0,"8":0,"9":0,"10":0,"11":0,"12":0},"b":{"0":[0,0],"1":[0,0],"2":[0,0],"3":[0,0],"4":[0,0],"5":[0,0],"6":[0,0],"7":[0,0],"8":[0,0],"9":[0,0],"10":[0],"11":[0,0]},"_coverageSchema":"43e27e138ebf9cfc5966b082cf9a028302ed4184","hash":"d27528ea6a2c31f163fffd5522f78115fc23bdd3"}
,"/home/creator/Desktop/reddit-backend/services/posts/postsController.js": {"path":"/home/creator/Desktop/reddit-backend/services/posts/postsController.js","statementMap":{"0":{"start":{"line":1,"column":15},"end":{"line":1,"column":38}},"1":{"start":{"line":2,"column":14},"end":{"line":2,"column":30}},"2":{"start":{"line":3,"column":17},"end":{"line":3,"column":36}},"3":{"start":{"line":4,"column":32},"end":{"line":4,"column":66}},"4":{"start":{"line":15,"column":4},"end":{"line":15,"column":27}},"5":{"start":{"line":17,"column":26},"end":{"line":40,"column":1}},"6":{"start":{"line":18,"column":2},"end":{"line":39,"column":3}},"7":{"start":{"line":19,"column":15},"end":{"line":19,"column":39}},"8":{"start":{"line":20,"column":19},"end":{"line":20,"column":55}},"9":{"start":{"line":21,"column":4},"end":{"line":34,"column":11}},"10":{"start":{"line":22,"column":6},"end":{"line":24,"column":7}},"11":{"start":{"line":23,"column":8},"end":{"line":23,"column":37}},"12":{"start":{"line":25,"column":6},"end":{"line":29,"column":7}},"13":{"start":{"line":26,"column":8},"end":{"line":26,"column":39}},"14":{"start":{"line":27,"column":8},"end":{"line":27,"column":43}},"15":{"start":{"line":28,"column":8},"end":{"line":28,"column":45}},"16":{"start":{"line":30,"column":6},"end":{"line":32,"column":7}},"17":{"start":{"line":31,"column":8},"end":{"line":31,"column":60}},"18":{"start":{"line":33,"column":6},"end":{"line":33,"column":19}},"19":{"start":{"line":35,"column":4},"end":{"line":35,"column":39}},"20":{"start":{"line":36,"column":4},"end":{"line":36,"column":35}},"21":{"start":{"line":38,"column":4},"end":{"line":38,"column":29}},"22":{"start":{"line":42,"column":22},"end":{"line":55,"column":1}},"23":{"start":{"line":43,"column":17},"end":{"line":43,"column":27}},"24":{"start":{"line":44,"column":2},"end":{"line":54,"column":3}},"25":{"start":{"line":45,"column":15},"end":{"line":45,"column":36}},"26":{"start":{"line":46,"column":22},"end":{"line":46,"column":50}},"27":{"start":{"line":47,"column":25},"end":{"line":50,"column":5}},"28":{"start":{"line":49,"column":41},"end":{"line":49,"column":59}},"29":{"start":{"line":51,"column":4},"end":{"line":51,"column":41}},"30":{"start":{"line":53,"column":4},"end":{"line":53,"column":29}},"31":{"start":{"line":57,"column":17},"end":{"line":97,"column":1}},"32":{"start":{"line":58,"column":26},"end":{"line":58,"column":34}},"33":{"start":{"line":59,"column":15},"end":{"line":63,"column":3}},"34":{"start":{"line":64,"column":2},"end":{"line":96,"column":17}},"35":{"start":{"line":70,"column":4},"end":{"line":73,"column":5}},"36":{"start":{"line":71,"column":6},"end":{"line":71,"column":49}},"37":{"start":{"line":72,"column":6},"end":{"line":72,"column":13}},"38":{"start":{"line":74,"column":4},"end":{"line":95,"column":5}},"39":{"start":{"line":75,"column":6},"end":{"line":75,"column":61}},"40":{"start":{"line":79,"column":6},"end":{"line":83,"column":7}},"41":{"start":{"line":80,"column":8},"end":{"line":80,"column":69}},"42":{"start":{"line":80,"column":54},"end":{"line":80,"column":67}},"43":{"start":{"line":82,"column":8},"end":{"line":82,"column":54}},"44":{"start":{"line":84,"column":29},"end":{"line":84,"column":87}},"45":{"start":{"line":85,"column":6},"end":{"line":94,"column":7}},"46":{"start":{"line":86,"column":8},"end":{"line":86,"column":56}},"47":{"start":{"line":88,"column":26},"end":{"line":88,"column":90}},"48":{"start":{"line":89,"column":8},"end":{"line":93,"column":9}},"49":{"start":{"line":90,"column":10},"end":{"line":90,"column":81}},"50":{"start":{"line":92,"column":10},"end":{"line":92,"column":107}},"51":{"start":{"line":92,"column":84},"end":{"line":92,"column":102}},"52":{"start":{"line":99,"column":38},"end":{"line":112,"column":1}},"53":{"start":{"line":100,"column":2},"end":{"line":111,"column":3}},"54":{"start":{"line":101,"column":24},"end":{"line":107,"column":7}},"55":{"start":{"line":102,"column":27},"end":{"line":102,"column":76}},"56":{"start":{"line":103,"column":6},"end":{"line":105,"column":7}},"57":{"start":{"line":104,"column":8},"end":{"line":104,"column":58}},"58":{"start":{"line":106,"column":6},"end":{"line":106,"column":28}},"59":{"start":{"line":108,"column":4},"end":{"line":108,"column":25}},"60":{"start":{"line":110,"column":4},"end":{"line":110,"column":29}},"61":{"start":{"line":114,"column":33},"end":{"line":117,"column":1}},"62":{"start":{"line":115,"column":20},"end":{"line":115,"column":96}},"63":{"start":{"line":115,"column":52},"end":{"line":115,"column":95}},"64":{"start":{"line":116,"column":2},"end":{"line":116,"column":71}},"65":{"start":{"line":116,"column":54},"end":{"line":116,"column":57}},"66":{"start":{"line":119,"column":19},"end":{"line":143,"column":1}},"67":{"start":{"line":120,"column":37},"end":{"line":120,"column":45}},"68":{"start":{"line":121,"column":2},"end":{"line":124,"column":3}},"69":{"start":{"line":122,"column":4},"end":{"line":122,"column":73}},"70":{"start":{"line":123,"column":4},"end":{"line":123,"column":11}},"71":{"start":{"line":125,"column":21},"end":{"line":130,"column":3}},"72":{"start":{"line":131,"column":13},"end":{"line":136,"column":4}},"73":{"start":{"line":137,"column":2},"end":{"line":142,"column":3}},"74":{"start":{"line":138,"column":19},"end":{"line":138,"column":78}},"75":{"start":{"line":139,"column":4},"end":{"line":139,"column":35}},"76":{"start":{"line":141,"column":4},"end":{"line":141,"column":37}},"77":{"start":{"line":145,"column":19},"end":{"line":161,"column":1}},"78":{"start":{"line":146,"column":17},"end":{"line":146,"column":27}},"79":{"start":{"line":147,"column":15},"end":{"line":147,"column":23}},"80":{"start":{"line":149,"column":2},"end":{"line":160,"column":7}},"81":{"start":{"line":151,"column":6},"end":{"line":153,"column":9}},"82":{"start":{"line":156,"column":6},"end":{"line":159,"column":9}},"83":{"start":{"line":163,"column":19},"end":{"line":176,"column":1}},"84":{"start":{"line":164,"column":17},"end":{"line":164,"column":27}},"85":{"start":{"line":165,"column":2},"end":{"line":175,"column":7}},"86":{"start":{"line":167,"column":6},"end":{"line":169,"column":9}},"87":{"start":{"line":172,"column":6},"end":{"line":174,"column":9}},"88":{"start":{"line":178,"column":0},"end":{"line":185,"column":2}}},"fnMap":{"0":{"name":"(anonymous_0)","decl":{"start":{"line":17,"column":26},"end":{"line":17,"column":27}},"loc":{"start":{"line":17,"column":52},"end":{"line":40,"column":1}},"line":17},"1":{"name":"(anonymous_1)","decl":{"start":{"line":21,"column":31},"end":{"line":21,"column":32}},"loc":{"start":{"line":21,"column":48},"end":{"line":34,"column":5}},"line":21},"2":{"name":"(anonymous_2)","decl":{"start":{"line":42,"column":22},"end":{"line":42,"column":23}},"loc":{"start":{"line":42,"column":42},"end":{"line":55,"column":1}},"line":42},"3":{"name":"(anonymous_3)","decl":{"start":{"line":49,"column":34},"end":{"line":49,"column":35}},"loc":{"start":{"line":49,"column":41},"end":{"line":49,"column":59}},"line":49},"4":{"name":"(anonymous_4)","decl":{"start":{"line":57,"column":17},"end":{"line":57,"column":18}},"loc":{"start":{"line":57,"column":37},"end":{"line":97,"column":1}},"line":57},"5":{"name":"(anonymous_5)","decl":{"start":{"line":67,"column":10},"end":{"line":67,"column":11}},"loc":{"start":{"line":67,"column":44},"end":{"line":96,"column":3}},"line":67},"6":{"name":"(anonymous_6)","decl":{"start":{"line":80,"column":47},"end":{"line":80,"column":48}},"loc":{"start":{"line":80,"column":54},"end":{"line":80,"column":67}},"line":80},"7":{"name":"(anonymous_7)","decl":{"start":{"line":92,"column":77},"end":{"line":92,"column":78}},"loc":{"start":{"line":92,"column":84},"end":{"line":92,"column":102}},"line":92},"8":{"name":"(anonymous_8)","decl":{"start":{"line":99,"column":38},"end":{"line":99,"column":39}},"loc":{"start":{"line":99,"column":61},"end":{"line":112,"column":1}},"line":99},"9":{"name":"(anonymous_9)","decl":{"start":{"line":101,"column":52},"end":{"line":101,"column":53}},"loc":{"start":{"line":101,"column":73},"end":{"line":107,"column":5}},"line":101},"10":{"name":"(anonymous_10)","decl":{"start":{"line":114,"column":33},"end":{"line":114,"column":34}},"loc":{"start":{"line":114,"column":70},"end":{"line":117,"column":1}},"line":114},"11":{"name":"(anonymous_11)","decl":{"start":{"line":115,"column":36},"end":{"line":115,"column":37}},"loc":{"start":{"line":115,"column":52},"end":{"line":115,"column":95}},"line":115},"12":{"name":"(anonymous_12)","decl":{"start":{"line":116,"column":45},"end":{"line":116,"column":46}},"loc":{"start":{"line":116,"column":54},"end":{"line":116,"column":57}},"line":116},"13":{"name":"(anonymous_13)","decl":{"start":{"line":119,"column":19},"end":{"line":119,"column":20}},"loc":{"start":{"line":119,"column":45},"end":{"line":143,"column":1}},"line":119},"14":{"name":"(anonymous_14)","decl":{"start":{"line":145,"column":19},"end":{"line":145,"column":20}},"loc":{"start":{"line":145,"column":33},"end":{"line":161,"column":1}},"line":145},"15":{"name":"(anonymous_15)","decl":{"start":{"line":150,"column":10},"end":{"line":150,"column":11}},"loc":{"start":{"line":150,"column":16},"end":{"line":154,"column":5}},"line":150},"16":{"name":"(anonymous_16)","decl":{"start":{"line":155,"column":11},"end":{"line":155,"column":12}},"loc":{"start":{"line":155,"column":18},"end":{"line":160,"column":5}},"line":155},"17":{"name":"(anonymous_17)","decl":{"start":{"line":163,"column":19},"end":{"line":163,"column":20}},"loc":{"start":{"line":163,"column":33},"end":{"line":176,"column":1}},"line":163},"18":{"name":"(anonymous_18)","decl":{"start":{"line":166,"column":10},"end":{"line":166,"column":11}},"loc":{"start":{"line":166,"column":16},"end":{"line":170,"column":5}},"line":166},"19":{"name":"(anonymous_19)","decl":{"start":{"line":171,"column":11},"end":{"line":171,"column":12}},"loc":{"start":{"line":171,"column":18},"end":{"line":175,"column":5}},"line":171}},"branchMap":{"0":{"loc":{"start":{"line":22,"column":6},"end":{"line":24,"column":7}},"type":"if","locations":[{"start":{"line":22,"column":6},"end":{"line":24,"column":7}},{"start":{"line":22,"column":6},"end":{"line":24,"column":7}}],"line":22},"1":{"loc":{"start":{"line":25,"column":6},"end":{"line":29,"column":7}},"type":"if","locations":[{"start":{"line":25,"column":6},"end":{"line":29,"column":7}},{"start":{"line":25,"column":6},"end":{"line":29,"column":7}}],"line":25},"2":{"loc":{"start":{"line":30,"column":6},"end":{"line":32,"column":7}},"type":"if","locations":[{"start":{"line":30,"column":6},"end":{"line":32,"column":7}},{"start":{"line":30,"column":6},"end":{"line":32,"column":7}}],"line":30},"3":{"loc":{"start":{"line":30,"column":10},"end":{"line":30,"column":50}},"type":"binary-expr","locations":[{"start":{"line":30,"column":10},"end":{"line":30,"column":29}},{"start":{"line":30,"column":33},"end":{"line":30,"column":50}}],"line":30},"4":{"loc":{"start":{"line":70,"column":4},"end":{"line":73,"column":5}},"type":"if","locations":[{"start":{"line":70,"column":4},"end":{"line":73,"column":5}},{"start":{"line":70,"column":4},"end":{"line":73,"column":5}}],"line":70},"5":{"loc":{"start":{"line":70,"column":8},"end":{"line":70,"column":31}},"type":"binary-expr","locations":[{"start":{"line":70,"column":8},"end":{"line":70,"column":16}},{"start":{"line":70,"column":20},"end":{"line":70,"column":31}}],"line":70},"6":{"loc":{"start":{"line":74,"column":4},"end":{"line":95,"column":5}},"type":"if","locations":[{"start":{"line":74,"column":4},"end":{"line":95,"column":5}},{"start":{"line":74,"column":4},"end":{"line":95,"column":5}}],"line":74},"7":{"loc":{"start":{"line":79,"column":6},"end":{"line":83,"column":7}},"type":"if","locations":[{"start":{"line":79,"column":6},"end":{"line":83,"column":7}},{"start":{"line":79,"column":6},"end":{"line":83,"column":7}}],"line":79},"8":{"loc":{"start":{"line":85,"column":6},"end":{"line":94,"column":7}},"type":"if","locations":[{"start":{"line":85,"column":6},"end":{"line":94,"column":7}},{"start":{"line":85,"column":6},"end":{"line":94,"column":7}}],"line":85},"9":{"loc":{"start":{"line":85,"column":10},"end":{"line":85,"column":51}},"type":"binary-expr","locations":[{"start":{"line":85,"column":10},"end":{"line":85,"column":25}},{"start":{"line":85,"column":29},"end":{"line":85,"column":51}}],"line":85},"10":{"loc":{"start":{"line":89,"column":8},"end":{"line":93,"column":9}},"type":"if","locations":[{"start":{"line":89,"column":8},"end":{"line":93,"column":9}},{"start":{"line":89,"column":8},"end":{"line":93,"column":9}}],"line":89},"11":{"loc":{"start":{"line":89,"column":12},"end":{"line":89,"column":43}},"type":"binary-expr","locations":[{"start":{"line":89,"column":12},"end":{"line":89,"column":22}},{"start":{"line":89,"column":26},"end":{"line":89,"column":43}}],"line":89},"12":{"loc":{"start":{"line":103,"column":6},"end":{"line":105,"column":7}},"type":"if","locations":[{"start":{"line":103,"column":6},"end":{"line":105,"column":7}},{"start":{"line":103,"column":6},"end":{"line":105,"column":7}}],"line":103},"13":{"loc":{"start":{"line":103,"column":10},"end":{"line":103,"column":47}},"type":"binary-expr","locations":[{"start":{"line":103,"column":10},"end":{"line":103,"column":25}},{"start":{"line":103,"column":29},"end":{"line":103,"column":47}}],"line":103},"14":{"loc":{"start":{"line":121,"column":2},"end":{"line":124,"column":3}},"type":"if","locations":[{"start":{"line":121,"column":2},"end":{"line":124,"column":3}},{"start":{"line":121,"column":2},"end":{"line":124,"column":3}}],"line":121}},"s":{"0":1,"1":1,"2":1,"3":1,"4":1,"5":1,"6":0,"7":0,"8":0,"9":0,"10":0,"11":0,"12":0,"13":0,"14":0,"15":0,"16":0,"17":0,"18":0,"19":0,"20":0,"21":0,"22":1,"23":0,"24":0,"25":0,"26":0,"27":0,"28":0,"29":0,"30":0,"31":1,"32":0,"33":0,"34":0,"35":0,"36":0,"37":0,"38":0,"39":0,"40":0,"41":0,"42":0,"43":0,"44":0,"45":0,"46":0,"47":0,"48":0,"49":0,"50":0,"51":0,"52":1,"53":0,"54":0,"55":0,"56":0,"57":0,"58":0,"59":0,"60":0,"61":1,"62":0,"63":0,"64":0,"65":0,"66":1,"67":0,"68":0,"69":0,"70":0,"71":0,"72":0,"73":0,"74":0,"75":0,"76":0,"77":1,"78":0,"79":0,"80":0,"81":0,"82":0,"83":1,"84":0,"85":0,"86":0,"87":0,"88":1},"f":{"0":0,"1":0,"2":0,"3":0,"4":0,"5":0,"6":0,"7":0,"8":0,"9":0,"10":0,"11":0,"12":0,"13":0,"14":0,"15":0,"16":0,"17":0,"18":0,"19":0},"b":{"0":[0,0],"1":[0,0],"2":[0,0],"3":[0,0],"4":[0,0],"5":[0,0],"6":[0,0],"7":[0,0],"8":[0,0],"9":[0,0],"10":[0,0],"11":[0,0],"12":[0,0],"13":[0,0],"14":[0,0]},"_coverageSchema":"43e27e138ebf9cfc5966b082cf9a028302ed4184","hash":"2233bbd9f427083e2db1ecf8fc48ff36bec9c2ab"}
,"/home/creator/Desktop/reddit-backend/services/posts/postsMiddleware.js": {"path":"/home/creator/Desktop/reddit-backend/services/posts/postsMiddleware.js","statementMap":{"0":{"start":{"line":2,"column":25},"end":{"line":2,"column":33}},"1":{"start":{"line":3,"column":1},"end":{"line":5,"column":2}},"2":{"start":{"line":4,"column":2},"end":{"line":4,"column":63}},"3":{"start":{"line":6,"column":1},"end":{"line":10,"column":3}},"4":{"start":{"line":7,"column":4},"end":{"line":7,"column":85}},"5":{"start":{"line":9,"column":4},"end":{"line":9,"column":11}},"6":{"start":{"line":14,"column":17},"end":{"line":14,"column":27}},"7":{"start":{"line":15,"column":2},"end":{"line":19,"column":3}},"8":{"start":{"line":16,"column":4},"end":{"line":16,"column":55}},"9":{"start":{"line":18,"column":4},"end":{"line":18,"column":11}},"10":{"start":{"line":22,"column":0},"end":{"line":25,"column":2}}},"fnMap":{"0":{"name":"validatePost","decl":{"start":{"line":1,"column":9},"end":{"line":1,"column":21}},"loc":{"start":{"line":1,"column":38},"end":{"line":11,"column":1}},"line":1},"1":{"name":"validatePostId","decl":{"start":{"line":13,"column":9},"end":{"line":13,"column":23}},"loc":{"start":{"line":13,"column":40},"end":{"line":20,"column":1}},"line":13}},"branchMap":{"0":{"loc":{"start":{"line":3,"column":1},"end":{"line":5,"column":2}},"type":"if","locations":[{"start":{"line":3,"column":1},"end":{"line":5,"column":2}},{"start":{"line":3,"column":1},"end":{"line":5,"column":2}}],"line":3},"1":{"loc":{"start":{"line":6,"column":1},"end":{"line":10,"column":3}},"type":"if","locations":[{"start":{"line":6,"column":1},"end":{"line":10,"column":3}},{"start":{"line":6,"column":1},"end":{"line":10,"column":3}}],"line":6},"2":{"loc":{"start":{"line":6,"column":4},"end":{"line":6,"column":19}},"type":"binary-expr","locations":[{"start":{"line":6,"column":4},"end":{"line":6,"column":10}},{"start":{"line":6,"column":14},"end":{"line":6,"column":19}}],"line":6},"3":{"loc":{"start":{"line":15,"column":2},"end":{"line":19,"column":3}},"type":"if","locations":[{"start":{"line":15,"column":2},"end":{"line":19,"column":3}},{"start":{"line":15,"column":2},"end":{"line":19,"column":3}}],"line":15},"4":{"loc":{"start":{"line":15,"column":5},"end":{"line":15,"column":51}},"type":"binary-expr","locations":[{"start":{"line":15,"column":5},"end":{"line":15,"column":8}},{"start":{"line":15,"column":12},"end":{"line":15,"column":41}},{"start":{"line":15,"column":45},"end":{"line":15,"column":51}}],"line":15}},"s":{"0":0,"1":0,"2":0,"3":0,"4":0,"5":0,"6":0,"7":0,"8":0,"9":0,"10":1},"f":{"0":0,"1":0},"b":{"0":[0,0],"1":[0,0],"2":[0,0],"3":[0,0],"4":[0,0,0]},"_coverageSchema":"43e27e138ebf9cfc5966b082cf9a028302ed4184","hash":"273067040db952bf34cda32c4d3d2075731ab696"}
,"/home/creator/Desktop/reddit-backend/services/posts/postsModel.js": {"path":"/home/creator/Desktop/reddit-backend/services/posts/postsModel.js","statementMap":{"0":{"start":{"line":1,"column":11},"end":{"line":1,"column":46}},"1":{"start":{"line":4,"column":1},"end":{"line":4,"column":46}},"2":{"start":{"line":8,"column":2},"end":{"line":13,"column":27}},"3":{"start":{"line":17,"column":1},"end":{"line":21,"column":30}},"4":{"start":{"line":25,"column":1},"end":{"line":25,"column":72}},"5":{"start":{"line":25,"column":51},"end":{"line":25,"column":70}},"6":{"start":{"line":29,"column":1},"end":{"line":31,"column":11}},"7":{"start":{"line":35,"column":1},"end":{"line":38,"column":33}},"8":{"start":{"line":38,"column":16},"end":{"line":38,"column":31}},"9":{"start":{"line":42,"column":1},"end":{"line":44,"column":9}},"10":{"start":{"line":48,"column":2},"end":{"line":48,"column":48}},"11":{"start":{"line":52,"column":2},"end":{"line":52,"column":107}},"12":{"start":{"line":52,"column":77},"end":{"line":52,"column":105}},"13":{"start":{"line":56,"column":2},"end":{"line":56,"column":53}},"14":{"start":{"line":60,"column":2},"end":{"line":60,"column":110}},"15":{"start":{"line":60,"column":83},"end":{"line":60,"column":108}},"16":{"start":{"line":63,"column":0},"end":{"line":74,"column":2}}},"fnMap":{"0":{"name":"getAllPosts","decl":{"start":{"line":3,"column":9},"end":{"line":3,"column":20}},"loc":{"start":{"line":3,"column":25},"end":{"line":5,"column":1}},"line":3},"1":{"name":"getAllPostsWithSuggestions","decl":{"start":{"line":7,"column":9},"end":{"line":7,"column":35}},"loc":{"start":{"line":7,"column":40},"end":{"line":14,"column":1}},"line":7},"2":{"name":"getPostSuggestions","decl":{"start":{"line":16,"column":9},"end":{"line":16,"column":27}},"loc":{"start":{"line":16,"column":32},"end":{"line":22,"column":1}},"line":16},"3":{"name":"createPost","decl":{"start":{"line":24,"column":9},"end":{"line":24,"column":19}},"loc":{"start":{"line":24,"column":26},"end":{"line":26,"column":1}},"line":24},"4":{"name":"(anonymous_4)","decl":{"start":{"line":25,"column":44},"end":{"line":25,"column":45}},"loc":{"start":{"line":25,"column":51},"end":{"line":25,"column":70}},"line":25},"5":{"name":"getPostById","decl":{"start":{"line":28,"column":9},"end":{"line":28,"column":20}},"loc":{"start":{"line":28,"column":25},"end":{"line":32,"column":1}},"line":28},"6":{"name":"editPost","decl":{"start":{"line":34,"column":9},"end":{"line":34,"column":17}},"loc":{"start":{"line":34,"column":28},"end":{"line":39,"column":1}},"line":34},"7":{"name":"(anonymous_7)","decl":{"start":{"line":38,"column":10},"end":{"line":38,"column":11}},"loc":{"start":{"line":38,"column":16},"end":{"line":38,"column":31}},"line":38},"8":{"name":"deletePost","decl":{"start":{"line":41,"column":9},"end":{"line":41,"column":19}},"loc":{"start":{"line":41,"column":24},"end":{"line":45,"column":1}},"line":41},"9":{"name":"getSubreddit","decl":{"start":{"line":47,"column":9},"end":{"line":47,"column":21}},"loc":{"start":{"line":47,"column":30},"end":{"line":49,"column":1}},"line":47},"10":{"name":"createSubreddit","decl":{"start":{"line":51,"column":9},"end":{"line":51,"column":24}},"loc":{"start":{"line":51,"column":31},"end":{"line":53,"column":1}},"line":51},"11":{"name":"(anonymous_11)","decl":{"start":{"line":52,"column":70},"end":{"line":52,"column":71}},"loc":{"start":{"line":52,"column":77},"end":{"line":52,"column":105}},"line":52},"12":{"name":"getPostSuggestion","decl":{"start":{"line":55,"column":9},"end":{"line":55,"column":26}},"loc":{"start":{"line":55,"column":31},"end":{"line":57,"column":1}},"line":55},"13":{"name":"createPostSuggestion","decl":{"start":{"line":59,"column":9},"end":{"line":59,"column":29}},"loc":{"start":{"line":59,"column":53},"end":{"line":61,"column":1}},"line":59},"14":{"name":"(anonymous_14)","decl":{"start":{"line":60,"column":76},"end":{"line":60,"column":77}},"loc":{"start":{"line":60,"column":83},"end":{"line":60,"column":108}},"line":60}},"branchMap":{},"s":{"0":4,"1":1,"2":1,"3":1,"4":8,"5":8,"6":10,"7":1,"8":1,"9":1,"10":4,"11":3,"12":3,"13":0,"14":1,"15":0,"16":4},"f":{"0":1,"1":1,"2":1,"3":8,"4":8,"5":10,"6":1,"7":1,"8":1,"9":4,"10":3,"11":3,"12":0,"13":1,"14":0},"b":{},"_coverageSchema":"43e27e138ebf9cfc5966b082cf9a028302ed4184","hash":"81fded372ce1ef29b05d65d5a3c99992adb24cb3"}
,"/home/creator/Desktop/reddit-backend/services/posts/postsRouter.js": {"path":"/home/creator/Desktop/reddit-backend/services/posts/postsRouter.js","statementMap":{"0":{"start":{"line":1,"column":16},"end":{"line":1,"column":34}},"1":{"start":{"line":7,"column":4},"end":{"line":7,"column":38}},"2":{"start":{"line":8,"column":41},"end":{"line":8,"column":69}},"3":{"start":{"line":17,"column":4},"end":{"line":17,"column":32}},"4":{"start":{"line":19,"column":15},"end":{"line":19,"column":31}},"5":{"start":{"line":21,"column":0},"end":{"line":21,"column":49}},"6":{"start":{"line":22,"column":0},"end":{"line":22,"column":64}},"7":{"start":{"line":23,"column":0},"end":{"line":23,"column":55}},"8":{"start":{"line":24,"column":0},"end":{"line":24,"column":84}},"9":{"start":{"line":25,"column":0},"end":{"line":25,"column":75}},"10":{"start":{"line":26,"column":0},"end":{"line":26,"column":64}},"11":{"start":{"line":28,"column":0},"end":{"line":28,"column":36}},"12":{"start":{"line":30,"column":0},"end":{"line":30,"column":24}}},"fnMap":{},"branchMap":{},"s":{"0":1,"1":1,"2":1,"3":1,"4":1,"5":1,"6":1,"7":1,"8":1,"9":1,"10":1,"11":1,"12":1},"f":{},"b":{},"_coverageSchema":"43e27e138ebf9cfc5966b082cf9a028302ed4184","hash":"56197ce58a61f935e79d177b61969a9f83fcef4c"}
,"/home/creator/Desktop/reddit-backend/services/reddit/redditController.js": {"path":"/home/creator/Desktop/reddit-backend/services/reddit/redditController.js","statementMap":{"0":{"start":{"line":1,"column":15},"end":{"line":1,"column":38}},"1":{"start":{"line":2,"column":12},"end":{"line":2,"column":35}},"2":{"start":{"line":3,"column":32},"end":{"line":3,"column":66}},"3":{"start":{"line":5,"column":30},"end":{"line":16,"column":1}},"4":{"start":{"line":6,"column":18},"end":{"line":14,"column":3}},"5":{"start":{"line":15,"column":2},"end":{"line":15,"column":113}},"6":{"start":{"line":18,"column":26},"end":{"line":27,"column":1}},"7":{"start":{"line":19,"column":18},"end":{"line":22,"column":3}},"8":{"start":{"line":23,"column":17},"end":{"line":25,"column":2}},"9":{"start":{"line":26,"column":2},"end":{"line":26,"column":54}},"10":{"start":{"line":29,"column":0},"end":{"line":32,"column":1}}},"fnMap":{"0":{"name":"(anonymous_0)","decl":{"start":{"line":5,"column":30},"end":{"line":5,"column":31}},"loc":{"start":{"line":5,"column":58},"end":{"line":16,"column":1}},"line":5},"1":{"name":"(anonymous_1)","decl":{"start":{"line":18,"column":26},"end":{"line":18,"column":27}},"loc":{"start":{"line":18,"column":36},"end":{"line":27,"column":1}},"line":18}},"branchMap":{"0":{"loc":{"start":{"line":5,"column":37},"end":{"line":5,"column":53}},"type":"default-arg","locations":[{"start":{"line":5,"column":48},"end":{"line":5,"column":53}}],"line":5},"1":{"loc":{"start":{"line":15,"column":54},"end":{"line":15,"column":80}},"type":"cond-expr","locations":[{"start":{"line":15,"column":65},"end":{"line":15,"column":75}},{"start":{"line":15,"column":78},"end":{"line":15,"column":80}}],"line":15}},"s":{"0":1,"1":1,"2":1,"3":1,"4":0,"5":0,"6":1,"7":0,"8":0,"9":0,"10":1},"f":{"0":0,"1":0},"b":{"0":[0],"1":[0,0]},"_coverageSchema":"43e27e138ebf9cfc5966b082cf9a028302ed4184","hash":"3b5b005accc0394297c1a5cb5abb3c14a44ae81b"}
,"/home/creator/Desktop/reddit-backend/services/reddit/redditRouter.js": {"path":"/home/creator/Desktop/reddit-backend/services/reddit/redditRouter.js","statementMap":{"0":{"start":{"line":1,"column":15},"end":{"line":1,"column":38}},"1":{"start":{"line":2,"column":14},"end":{"line":2,"column":30}},"2":{"start":{"line":3,"column":21},"end":{"line":3,"column":48}},"3":{"start":{"line":5,"column":33},"end":{"line":5,"column":61}},"4":{"start":{"line":12,"column":4},"end":{"line":12,"column":38}},"5":{"start":{"line":13,"column":34},"end":{"line":13,"column":63}},"6":{"start":{"line":15,"column":0},"end":{"line":21,"column":3}},"7":{"start":{"line":16,"column":21},"end":{"line":16,"column":30}},"8":{"start":{"line":17,"column":15},"end":{"line":19,"column":3}},"9":{"start":{"line":20,"column":2},"end":{"line":20,"column":84}},"10":{"start":{"line":23,"column":0},"end":{"line":62,"column":3}},"11":{"start":{"line":24,"column":2},"end":{"line":61,"column":3}},"12":{"start":{"line":25,"column":28},"end":{"line":25,"column":31}},"13":{"start":{"line":26,"column":28},"end":{"line":26,"column":36}},"14":{"start":{"line":27,"column":4},"end":{"line":30,"column":5}},"15":{"start":{"line":28,"column":6},"end":{"line":28,"column":44}},"16":{"start":{"line":29,"column":6},"end":{"line":29,"column":13}},"17":{"start":{"line":31,"column":15},"end":{"line":31,"column":53}},"18":{"start":{"line":32,"column":18},"end":{"line":35,"column":5}},"19":{"start":{"line":36,"column":4},"end":{"line":44,"column":5}},"20":{"start":{"line":37,"column":6},"end":{"line":40,"column":7}},"21":{"start":{"line":38,"column":8},"end":{"line":38,"column":72}},"22":{"start":{"line":39,"column":8},"end":{"line":39,"column":15}},"23":{"start":{"line":41,"column":6},"end":{"line":41,"column":26}},"24":{"start":{"line":43,"column":6},"end":{"line":43,"column":49}},"25":{"start":{"line":45,"column":4},"end":{"line":45,"column":50}},"26":{"start":{"line":46,"column":25},"end":{"line":46,"column":121}},"27":{"start":{"line":47,"column":4},"end":{"line":50,"column":5}},"28":{"start":{"line":48,"column":6},"end":{"line":48,"column":49}},"29":{"start":{"line":49,"column":6},"end":{"line":49,"column":13}},"30":{"start":{"line":52,"column":4},"end":{"line":52,"column":96}},"31":{"start":{"line":53,"column":24},"end":{"line":53,"column":68}},"32":{"start":{"line":54,"column":4},"end":{"line":58,"column":5}},"33":{"start":{"line":55,"column":6},"end":{"line":55,"column":49}},"34":{"start":{"line":57,"column":6},"end":{"line":57,"column":50}},"35":{"start":{"line":60,"column":4},"end":{"line":60,"column":29}},"36":{"start":{"line":64,"column":0},"end":{"line":64,"column":43}},"37":{"start":{"line":66,"column":0},"end":{"line":66,"column":30}}},"fnMap":{"0":{"name":"(anonymous_0)","decl":{"start":{"line":15,"column":36},"end":{"line":15,"column":37}},"loc":{"start":{"line":15,"column":56},"end":{"line":21,"column":1}},"line":15},"1":{"name":"(anonymous_1)","decl":{"start":{"line":23,"column":56},"end":{"line":23,"column":57}},"loc":{"start":{"line":23,"column":82},"end":{"line":62,"column":1}},"line":23}},"branchMap":{"0":{"loc":{"start":{"line":20,"column":58},"end":{"line":20,"column":79}},"type":"cond-expr","locations":[{"start":{"line":20,"column":67},"end":{"line":20,"column":71}},{"start":{"line":20,"column":74},"end":{"line":20,"column":79}}],"line":20},"1":{"loc":{"start":{"line":27,"column":4},"end":{"line":30,"column":5}},"type":"if","locations":[{"start":{"line":27,"column":4},"end":{"line":30,"column":5}},{"start":{"line":27,"column":4},"end":{"line":30,"column":5}}],"line":27},"2":{"loc":{"start":{"line":33,"column":19},"end":{"line":33,"column":78}},"type":"cond-expr","locations":[{"start":{"line":33,"column":40},"end":{"line":33,"column":60}},{"start":{"line":33,"column":63},"end":{"line":33,"column":78}}],"line":33},"3":{"loc":{"start":{"line":36,"column":4},"end":{"line":44,"column":5}},"type":"if","locations":[{"start":{"line":36,"column":4},"end":{"line":44,"column":5}},{"start":{"line":36,"column":4},"end":{"line":44,"column":5}}],"line":36},"4":{"loc":{"start":{"line":37,"column":6},"end":{"line":40,"column":7}},"type":"if","locations":[{"start":{"line":37,"column":6},"end":{"line":40,"column":7}},{"start":{"line":37,"column":6},"end":{"line":40,"column":7}}],"line":37},"5":{"loc":{"start":{"line":47,"column":4},"end":{"line":50,"column":5}},"type":"if","locations":[{"start":{"line":47,"column":4},"end":{"line":50,"column":5}},{"start":{"line":47,"column":4},"end":{"line":50,"column":5}}],"line":47},"6":{"loc":{"start":{"line":54,"column":4},"end":{"line":58,"column":5}},"type":"if","locations":[{"start":{"line":54,"column":4},"end":{"line":58,"column":5}},{"start":{"line":54,"column":4},"end":{"line":58,"column":5}}],"line":54},"7":{"loc":{"start":{"line":54,"column":8},"end":{"line":54,"column":37}},"type":"binary-expr","locations":[{"start":{"line":54,"column":8},"end":{"line":54,"column":19}},{"start":{"line":54,"column":23},"end":{"line":54,"column":37}}],"line":54}},"s":{"0":1,"1":1,"2":1,"3":1,"4":1,"5":1,"6":1,"7":0,"8":0,"9":0,"10":1,"11":0,"12":0,"13":0,"14":0,"15":0,"16":0,"17":0,"18":0,"19":0,"20":0,"21":0,"22":0,"23":0,"24":0,"25":0,"26":0,"27":0,"28":0,"29":0,"30":0,"31":0,"32":0,"33":0,"34":0,"35":0,"36":1,"37":1},"f":{"0":0,"1":0},"b":{"0":[0,0],"1":[0,0],"2":[0,0],"3":[0,0],"4":[0,0],"5":[0,0],"6":[0,0],"7":[0,0]},"_coverageSchema":"43e27e138ebf9cfc5966b082cf9a028302ed4184","hash":"35c09cec5c619e11ef7c3e762b9e247d85d8c8ba"}
}
